 驱动器 C 中的卷没有标签。
 卷的序列号是 2CF7-C1B5

 C:\qcloud_init 的目录

2019/04/10  12:09    <DIR>          .
2019/04/10  12:09    <DIR>          ..
2019/04/10  12:09    <DIR>          basic_windows_install_1.0.17
2019/04/10  12:08               827 cvm_init.bat
2019/04/10  12:08                24 instance_id
2019/04/10  12:08                23 qcloud_init.conf
2019/04/10  12:08                75 qcloud_init.ini
2019/04/10  12:08             2,928 qcloud_init.ps1
               5 个文件          3,877 字节
               3 个目录 36,717,293,568 可用字节
 驱动器 C 中的卷没有标签。
 卷的序列号是 2CF7-C1B5

 C:\qcloud_init 的目录

2019/08/14  10:16    <DIR>          .
2019/08/14  10:16    <DIR>          ..
2019/08/14  10:16    <DIR>          basic_windows_install_1.0.17
2019/08/14  10:16               827 cvm_init.bat
2019/08/14  10:16                24 instance_id
2019/08/14  10:16                23 qcloud_init.conf
2019/08/14  10:16                75 qcloud_init.ini
2019/08/14  10:16             2,903 qcloud_init.ps1
               5 个文件          3,852 字节
               3 个目录 39,505,018,880 可用字节
 驱动器 C 中的卷没有标签。
 卷的序列号是 2CF7-C1B5

 C:\qcloud_init 的目录

2019/12/02  17:56    <DIR>          .
2019/12/02  17:56    <DIR>          ..
2019/12/02  17:56    <DIR>          agenttools_windows_uninstall
2019/12/02  17:56    <DIR>          basic_windows_install_1.0.20
2019/12/02  17:55             2,251 cvm_init.bat
2019/12/02  17:55                24 instance_id
2019/12/02  17:55                23 qcloud_init.conf
2019/12/02  17:55                75 qcloud_init.ini
2019/12/02  17:55             3,125 qcloud_init.ps1
2019/12/02  17:56    <DIR>          stargate_windows_install_1.4.0
2019/12/02  17:56    <DIR>          ydeyes_windows_install_2018530
               5 个文件          5,498 字节
               6 个目录 33,748,267,008 可用字节
 驱动器 C 中的卷没有标签。
 卷的序列号是 2CF7-C1B5

 C:\qcloud_init 的目录

2020/01/20  21:14    <DIR>          .
2020/01/20  21:14    <DIR>          ..
2020/01/20  21:14    <DIR>          agenttools_windows_uninstall
2020/01/20  21:14    <DIR>          basic_windows_install_1.0.20
2020/01/20  21:13             2,221 cvm_init.bat
2020/01/20  21:13                24 instance_id
2020/01/20  21:13                23 qcloud_init.conf
2020/01/20  21:13                75 qcloud_init.ini
2020/01/20  21:13             3,125 qcloud_init.ps1
2020/01/20  21:14    <DIR>          stargate_windows_install_1.4.0
2020/01/20  21:14    <DIR>          ydeyes_windows_install_2018530
               5 个文件          5,468 字节
               6 个目录 40,451,375,104 可用字节
